#
# There is insufficient memory for the Java Runtime Environment to continue.
# Native memory allocation (malloc) failed to allocate 968576 bytes for Chunk::new
# Possible reasons:
#   The system is out of physical RAM or swap space
#   The process is running with CompressedOops enabled, and the Java Heap may be blocking the growth of the native heap
# Possible solutions:
#   Reduce memory load on the system
#   Increase physical memory or swap space
#   Check if swap backing store is full
#   Decrease Java heap size (-Xmx/-Xms)
#   Decrease number of Java threads
#   Decrease Java thread stack sizes (-Xss)
#   Set larger code cache with -XX:ReservedCodeCacheSize=
#   JVM is running with Unscaled Compressed Oops mode in which the Java heap is
#     placed in the first 4GB address space. The Java Heap base address is the
#     maximum limit for the native heap growth. Please use -XX:HeapBaseMinAddress
#     to set the Java Heap base and to place the Java Heap above 4GB virtual address.
# This output file may be truncated or incomplete.
#
#  Out of Memory Error (arena.cpp:189), pid=14984, tid=3720
#
# JRE version: OpenJDK Runtime Environment (17.0.2+8) (build 17.0.2+8-86)
# Java VM: OpenJDK 64-Bit Server VM (17.0.2+8-86, mixed mode, sharing, tiered, compressed oops, compressed class ptrs, g1 gc, windows-amd64)
# No core dump will be written. Minidumps are not enabled by default on client versions of Windows
#

---------------  S U M M A R Y ------------

Command Line: --add-opens=java.base/java.lang=ALL-UNNAMED --add-opens=java.base/java.lang.invoke=ALL-UNNAMED --add-opens=java.base/java.util=ALL-UNNAMED --add-opens=java.prefs/java.util.prefs=ALL-UNNAMED --add-exports=jdk.compiler/com.sun.tools.javac.api=ALL-UNNAMED --add-exports=jdk.compiler/com.sun.tools.javac.util=ALL-UNNAMED --add-opens=java.base/java.util=ALL-UNNAMED --add-opens=java.prefs/java.util.prefs=ALL-UNNAMED --add-opens=java.base/java.nio.charset=ALL-UNNAMED --add-opens=java.base/java.net=ALL-UNNAMED --add-opens=java.base/java.util.concurrent.atomic=ALL-UNNAMED --add-opens=java.xml/javax.xml.namespace=ALL-UNNAMED -XX:MaxMetaspaceSize=384m -XX:+HeapDumpOnOutOfMemoryError -Xms256m -Xmx512m -Dfile.encoding=UTF-8 -Duser.country=KR -Duser.language=ko -Duser.variant -javaagent:C:\Users\tjals\.gradle\wrapper\dists\gradle-8.14.3-bin\cv11ve7ro1n3o1j4so8xd9n66\gradle-8.14.3\lib\agents\gradle-instrumentation-agent-8.14.3.jar org.gradle.launcher.daemon.bootstrap.GradleDaemon 8.14.3

Host: Intel(R) Core(TM) i7-9750H CPU @ 2.60GHz, 12 cores, 7G,  Windows 10 , 64 bit Build 19041 (10.0.19041.5915)
Time: Sun Dec  7 23:46:19 2025  Windows 10 , 64 bit Build 19041 (10.0.19041.5915) elapsed time: 6.082218 seconds (0d 0h 0m 6s)

---------------  T H R E A D  ---------------

Current thread (0x000001b40f60ea20):  JavaThread "C2 CompilerThread0" daemon [_thread_in_native, id=3720, stack(0x0000003202400000,0x0000003202500000)]


Current CompileTask:
C2:   6082 2479   !   4       java.net.URLClassLoader::findClass (47 bytes)

Stack: [0x0000003202400000,0x0000003202500000]
Native frames: (J=compiled Java code, j=interpreted, Vv=VM code, C=native code)
V  [jvm.dll+0x670baa]
V  [jvm.dll+0x7cfcb4]
V  [jvm.dll+0x7d145e]
V  [jvm.dll+0x7d1ac3]
V  [jvm.dll+0x242bc5]
V  [jvm.dll+0xaa57b]
V  [jvm.dll+0xaab0c]
V  [jvm.dll+0x2a991f]
V  [jvm.dll+0x5792d9]
V  [jvm.dll+0x21de3d]
V  [jvm.dll+0x21e21f]
V  [jvm.dll+0x217ae5]
V  [jvm.dll+0x214fab]
V  [jvm.dll+0x1a1bbd]
V  [jvm.dll+0x224908]
V  [jvm.dll+0x222a6c]
V  [jvm.dll+0x7859bb]
V  [jvm.dll+0x77ff7a]
V  [jvm.dll+0x66fa35]
C  [ucrtbase.dll+0x21bb2]
C  [KERNEL32.DLL+0x17374]
C  [ntdll.dll+0x4cc91]


---------------  P R O C E S S  ---------------

Threads class SMR info:
_java_thread_list=0x000001b41284f660, length=26, elements={
0x000001b47480f320, 0x000001b40f5e8930, 0x000001b40f5e93f0, 0x000001b40f6062b0,
0x000001b40f608c80, 0x000001b40f60a550, 0x000001b40f60be20, 0x000001b40f60ea20,
0x000001b40f60f320, 0x000001b40f6123e0, 0x000001b40f5d2600, 0x000001b41026f2c0,
0x000001b411cc6f80, 0x000001b411fa77b0, 0x000001b41001cb70, 0x000001b411ed4810,
0x000001b411effda0, 0x000001b411f00640, 0x000001b4122111c0, 0x000001b4121f6bd0,
0x000001b4120fd940, 0x000001b4120fcfa0, 0x000001b4120fd470, 0x000001b412100960,
0x000001b4120fe7b0, 0x000001b41459ff20
}

Java Threads: ( => current thread )
  0x000001b47480f320 JavaThread "main" [_thread_blocked, id=14620, stack(0x0000003201700000,0x0000003201800000)]
  0x000001b40f5e8930 JavaThread "Reference Handler" daemon [_thread_blocked, id=20700, stack(0x0000003201e00000,0x0000003201f00000)]
  0x000001b40f5e93f0 JavaThread "Finalizer" daemon [_thread_blocked, id=5760, stack(0x0000003201f00000,0x0000003202000000)]
  0x000001b40f6062b0 JavaThread "Signal Dispatcher" daemon [_thread_blocked, id=13264, stack(0x0000003202000000,0x0000003202100000)]
  0x000001b40f608c80 JavaThread "Attach Listener" daemon [_thread_blocked, id=21696, stack(0x0000003202100000,0x0000003202200000)]
  0x000001b40f60a550 JavaThread "Service Thread" daemon [_thread_blocked, id=22536, stack(0x0000003202200000,0x0000003202300000)]
  0x000001b40f60be20 JavaThread "Monitor Deflation Thread" daemon [_thread_blocked, id=21256, stack(0x0000003202300000,0x0000003202400000)]
=>0x000001b40f60ea20 JavaThread "C2 CompilerThread0" daemon [_thread_in_native, id=3720, stack(0x0000003202400000,0x0000003202500000)]
  0x000001b40f60f320 JavaThread "C1 CompilerThread0" daemon [_thread_blocked, id=7684, stack(0x0000003202500000,0x0000003202600000)]
  0x000001b40f6123e0 JavaThread "Sweeper thread" daemon [_thread_blocked, id=10008, stack(0x0000003202600000,0x0000003202700000)]
  0x000001b40f5d2600 JavaThread "Common-Cleaner" daemon [_thread_blocked, id=18988, stack(0x0000003202700000,0x0000003202800000)]
  0x000001b41026f2c0 JavaThread "Notification Thread" daemon [_thread_blocked, id=18964, stack(0x0000003202800000,0x0000003202900000)]
  0x000001b411cc6f80 JavaThread "Daemon health stats" [_thread_blocked, id=22456, stack(0x0000003203200000,0x0000003203300000)]
  0x000001b411fa77b0 JavaThread "Incoming local TCP Connector on port 4083" [_thread_in_native, id=2132, stack(0x0000003202a00000,0x0000003202b00000)]
  0x000001b41001cb70 JavaThread "Daemon periodic checks" [_thread_blocked, id=10124, stack(0x0000003203300000,0x0000003203400000)]
  0x000001b411ed4810 JavaThread "Daemon" [_thread_blocked, id=11560, stack(0x0000003203400000,0x0000003203500000)]
  0x000001b411effda0 JavaThread "Handler for socket connection from /127.0.0.1:4083 to /127.0.0.1:4089" [_thread_in_native, id=8208, stack(0x0000003203500000,0x0000003203600000)]
  0x000001b411f00640 JavaThread "Cancel handler" [_thread_blocked, id=2264, stack(0x0000003203600000,0x0000003203700000)]
  0x000001b4122111c0 JavaThread "Daemon worker" [_thread_in_vm, id=6432, stack(0x0000003203700000,0x0000003203800000)]
  0x000001b4121f6bd0 JavaThread "Asynchronous log dispatcher for DefaultDaemonConnection: socket connection from /127.0.0.1:4083 to /127.0.0.1:4089" [_thread_blocked, id=19048, stack(0x0000003203800000,0x0000003203900000)]
  0x000001b4120fd940 JavaThread "Stdin handler" [_thread_blocked, id=18812, stack(0x0000003203900000,0x0000003203a00000)]
  0x000001b4120fcfa0 JavaThread "Daemon client event forwarder" [_thread_blocked, id=23596, stack(0x0000003203a00000,0x0000003203b00000)]
  0x000001b4120fd470 JavaThread "Cache worker for journal cache (C:\Users\tjals\.gradle\caches\journal-1)" [_thread_blocked, id=6332, stack(0x0000003203b00000,0x0000003203c00000)]
  0x000001b412100960 JavaThread "File lock request listener" [_thread_in_native, id=8108, stack(0x0000003203c00000,0x0000003203d00000)]
  0x000001b4120fe7b0 JavaThread "Cache worker for file hash cache (C:\Users\tjals\.gradle\caches\8.14.3\fileHashes)" [_thread_blocked, id=15844, stack(0x0000003203d00000,0x0000003203e00000)]
  0x000001b41459ff20 JavaThread "C2 CompilerThread1" daemon [_thread_in_native, id=3252, stack(0x0000003203e00000,0x0000003203f00000)]

Other Threads:
  0x000001b40f5e1b10 VMThread "VM Thread" [stack: 0x0000003201d00000,0x0000003201e00000] [id=15708]
  0x000001b47480fd20 WatcherThread [stack: 0x0000003202900000,0x0000003202a00000] [id=13004]
  0x000001b47275b700 GCTaskThread "GC Thread#0" [stack: 0x0000003201800000,0x0000003201900000] [id=22800]
  0x000001b410179230 GCTaskThread "GC Thread#1" [stack: 0x0000003202c00000,0x0000003202d00000] [id=24128]
  0x000001b4101784c0 GCTaskThread "GC Thread#2" [stack: 0x0000003202d00000,0x0000003202e00000] [id=21268]
  0x000001b410177cb0 GCTaskThread "GC Thread#3" [stack: 0x0000003202e00000,0x0000003202f00000] [id=16416]
  0x000001b410178a20 GCTaskThread "GC Thread#4" [stack: 0x0000003202f00000,0x0000003203000000] [id=18792]
  0x000001b410177f60 GCTaskThread "GC Thread#5" [stack: 0x0000003203000000,0x0000003203100000] [id=24164]
  0x000001b410178210 GCTaskThread "GC Thread#6" [stack: 0x0000003202b00000,0x0000003202c00000] [id=8360]
  0x000001b410178f80 GCTaskThread "GC Thread#7" [stack: 0x0000003203100000,0x0000003203200000] [id=11484]
  0x000001b47275e2d0 ConcurrentGCThread "G1 Main Marker" [stack: 0x0000003201900000,0x0000003201a00000] [id=11176]
  0x000001b47275ea90 ConcurrentGCThread "G1 Conc#0" [stack: 0x0000003201a00000,0x0000003201b00000] [id=21476]
  0x000001b4748dea30 ConcurrentGCThread "G1 Refine#0" [stack: 0x0000003201b00000,0x0000003201c00000] [id=19064]
  0x000001b40f4a4550 ConcurrentGCThread "G1 Service" [stack: 0x0000003201c00000,0x0000003201d00000] [id=23156]

Threads with active compile tasks:
C2 CompilerThread0     6144 2479   !   4       java.net.URLClassLoader::findClass (47 bytes)
C2 CompilerThread1     6144 2480       4       java.net.URLClassLoader$1::run (5 bytes)

VM state: not at safepoint (normal execution)

VM Mutex/Monitor currently owned by a thread: None

Heap address: 0x00000000e0000000, size: 512 MB, Compressed Oops mode: 32-bit

CDS archive(s) mapped at: [0x0000000800000000-0x0000000800bc0000-0x0000000800bc0000), size 12320768, SharedBaseAddress: 0x0000000800000000, ArchiveRelocationMode: 0.
Compressed class space mapped at: 0x0000000800c00000-0x0000000814000000, reserved size: 322961408
Narrow klass base: 0x0000000800000000, Narrow klass shift: 0, Narrow klass range: 0x100000000

GC Precious Log:
 CPUs: 12 total, 12 available
 Memory: 8031M
 Large Page Support: Disabled
 NUMA Support: Disabled
 Compressed Oops: Enabled (32-bit)
 Heap Region Size: 1M
 Heap Min Capacity: 256M
 Heap Initial Capacity: 256M
 Heap Max Capacity: 512M
 Pre-touch: Disabled
 Parallel Workers: 10
 Concurrent Workers: 3
 Concurrent Refinement Workers: 10
 Periodic GC: Disabled

Heap:
 garbage-first heap   total 262144K, used 100624K [0x00000000e0000000, 0x0000000100000000)
  region size 1024K, 88 young (90112K), 6 survivors (6144K)
 Metaspace       used 19015K, committed 19264K, reserved 339968K
  class space    used 2778K, committed 2880K, reserved 315392K

Heap Regions: E=young(eden), S=young(survivor), O=old, HS=humongous(starts), HC=humongous(continues), CS=collection set, F=free, OA=open archive, CA=closed archive, TAMS=top-at-mark-start (previous, next)
|   0|0x00000000e0000000, 0x00000000e0100000, 0x00000000e0100000|100%|HS|  |TAMS 0x00000000e0000000, 0x00000000e0000000| Complete 
|   1|0x00000000e0100000, 0x00000000e0200000, 0x00000000e0200000|100%|HC|  |TAMS 0x00000000e0100000, 0x00000000e0100000| Complete 
|   2|0x00000000e0200000, 0x00000000e0300000, 0x00000000e0300000|100%|HC|  |TAMS 0x00000000e0200000, 0x00000000e0200000| Complete 
|   3|0x00000000e0300000, 0x00000000e0400000, 0x00000000e0400000|100%| O|  |TAMS 0x00000000e0300000, 0x00000000e0300000| Untracked 
|   4|0x00000000e0400000, 0x00000000e0500000, 0x00000000e0500000|100%| O|  |TAMS 0x00000000e0400000, 0x00000000e0400000| Untracked 
|   5|0x00000000e0500000, 0x00000000e0600000, 0x00000000e0600000|100%| O|  |TAMS 0x00000000e0500000, 0x00000000e0500000| Untracked 
|   6|0x00000000e0600000, 0x00000000e0700000, 0x00000000e0700000|100%|HS|  |TAMS 0x00000000e0600000, 0x00000000e0600000| Complete 
|   7|0x00000000e0700000, 0x00000000e0700000, 0x00000000e0800000|  0%| F|  |TAMS 0x00000000e0700000, 0x00000000e0700000| Untracked 
|   8|0x00000000e0800000, 0x00000000e0900000, 0x00000000e0900000|100%| O|  |TAMS 0x00000000e0800000, 0x00000000e0800000| Untracked 
|   9|0x00000000e0900000, 0x00000000e0a00000, 0x00000000e0a00000|100%| O|  |TAMS 0x00000000e0900000, 0x00000000e0900000| Untracked 
|  10|0x00000000e0a00000, 0x00000000e0b00000, 0x00000000e0b00000|100%| O|  |TAMS 0x00000000e0a00000, 0x00000000e0a00000| Untracked 
|  11|0x00000000e0b00000, 0x00000000e0c00000, 0x00000000e0c00000|100%| O|  |TAMS 0x00000000e0b00000, 0x00000000e0b00000| Untracked 
|  12|0x00000000e0c00000, 0x00000000e0caee00, 0x00000000e0d00000| 68%| O|  |TAMS 0x00000000e0c00000, 0x00000000e0c00000| Untracked 
|  13|0x00000000e0d00000, 0x00000000e0d00000, 0x00000000e0e00000|  0%| F|  |TAMS 0x00000000e0d00000, 0x00000000e0d00000| Untracked 
|  14|0x00000000e0e00000, 0x00000000e0e00000, 0x00000000e0f00000|  0%| F|  |TAMS 0x00000000e0e00000, 0x00000000e0e00000| Untracked 
|  15|0x00000000e0f00000, 0x00000000e0f00000, 0x00000000e1000000|  0%| F|  |TAMS 0x00000000e0f00000, 0x00000000e0f00000| Untracked 
|  16|0x00000000e1000000, 0x00000000e1000000, 0x00000000e1100000|  0%| F|  |TAMS 0x00000000e1000000, 0x00000000e1000000| Untracked 
|  17|0x00000000e1100000, 0x00000000e1100000, 0x00000000e1200000|  0%| F|  |TAMS 0x00000000e1100000, 0x00000000e1100000| Untracked 
|  18|0x00000000e1200000, 0x00000000e1200000, 0x00000000e1300000|  0%| F|  |TAMS 0x00000000e1200000, 0x00000000e1200000| Untracked 
|  19|0x00000000e1300000, 0x00000000e1300000, 0x00000000e1400000|  0%| F|  |TAMS 0x00000000e1300000, 0x00000000e1300000| Untracked 
|  20|0x00000000e1400000, 0x00000000e1400000, 0x00000000e1500000|  0%| F|  |TAMS 0x00000000e1400000, 0x00000000e1400000| Untracked 
|  21|0x00000000e1500000, 0x00000000e1500000, 0x00000000e1600000|  0%| F|  |TAMS 0x00000000e1500000, 0x00000000e1500000| Untracked 
|  22|0x00000000e1600000, 0x00000000e1600000, 0x00000000e1700000|  0%| F|  |TAMS 0x00000000e1600000, 0x00000000e1600000| Untracked 
|  23|0x00000000e1700000, 0x00000000e1700000, 0x00000000e1800000|  0%| F|  |TAMS 0x00000000e1700000, 0x00000000e1700000| Untracked 
|  24|0x00000000e1800000, 0x00000000e1800000, 0x00000000e1900000|  0%| F|  |TAMS 0x00000000e1800000, 0x00000000e1800000| Untracked 
|  25|0x00000000e1900000, 0x00000000e1900000, 0x00000000e1a00000|  0%| F|  |TAMS 0x00000000e1900000, 0x00000000e1900000| Untracked 
|  26|0x00000000e1a00000, 0x00000000e1a00000, 0x00000000e1b00000|  0%| F|  |TAMS 0x00000000e1a00000, 0x00000000e1a00000| Untracked 
|  27|0x00000000e1b00000, 0x00000000e1b00000, 0x00000000e1c00000|  0%| F|  |TAMS 0x00000000e1b00000, 0x00000000e1b00000| Untracked 
|  28|0x00000000e1c00000, 0x00000000e1c00000, 0x00000000e1d00000|  0%| F|  |TAMS 0x00000000e1c00000, 0x00000000e1c00000| Untracked 
|  29|0x00000000e1d00000, 0x00000000e1d00000, 0x00000000e1e00000|  0%| F|  |TAMS 0x00000000e1d00000, 0x00000000e1d00000| Untracked 
|  30|0x00000000e1e00000, 0x00000000e1e00000, 0x00000000e1f00000|  0%| F|  |TAMS 0x00000000e1e00000, 0x00000000e1e00000| Untracked 
|  31|0x00000000e1f00000, 0x00000000e1f00000, 0x00000000e2000000|  0%| F|  |TAMS 0x00000000e1f00000, 0x00000000e1f00000| Untracked 
|  32|0x00000000e2000000, 0x00000000e2000000, 0x00000000e2100000|  0%| F|  |TAMS 0x00000000e2000000, 0x00000000e2000000| Untracked 
|  33|0x00000000e2100000, 0x00000000e2100000, 0x00000000e2200000|  0%| F|  |TAMS 0x00000000e2100000, 0x00000000e2100000| Untracked 
|  34|0x00000000e2200000, 0x00000000e2200000, 0x00000000e2300000|  0%| F|  |TAMS 0x00000000e2200000, 0x00000000e2200000| Untracked 
|  35|0x00000000e2300000, 0x00000000e2300000, 0x00000000e2400000|  0%| F|  |TAMS 0x00000000e2300000, 0x00000000e2300000| Untracked 
|  36|0x00000000e2400000, 0x00000000e2400000, 0x00000000e2500000|  0%| F|  |TAMS 0x00000000e2400000, 0x00000000e2400000| Untracked 
|  37|0x00000000e2500000, 0x00000000e2500000, 0x00000000e2600000|  0%| F|  |TAMS 0x00000000e2500000, 0x00000000e2500000| Untracked 
|  38|0x00000000e2600000, 0x00000000e2600000, 0x00000000e2700000|  0%| F|  |TAMS 0x00000000e2600000, 0x00000000e2600000| Untracked 
|  39|0x00000000e2700000, 0x00000000e2700000, 0x00000000e2800000|  0%| F|  |TAMS 0x00000000e2700000, 0x00000000e2700000| Untracked 
|  40|0x00000000e2800000, 0x00000000e2800000, 0x00000000e2900000|  0%| F|  |TAMS 0x00000000e2800000, 0x00000000e2800000| Untracked 
|  41|0x00000000e2900000, 0x00000000e2900000, 0x00000000e2a00000|  0%| F|  |TAMS 0x00000000e2900000, 0x00000000e2900000| Untracked 
|  42|0x00000000e2a00000, 0x00000000e2a00000, 0x00000000e2b00000|  0%| F|  |TAMS 0x00000000e2a00000, 0x00000000e2a00000| Untracked 
|  43|0x00000000e2b00000, 0x00000000e2b00000, 0x00000000e2c00000|  0%| F|  |TAMS 0x00000000e2b00000, 0x00000000e2b00000| Untracked 
|  44|0x00000000e2c00000, 0x00000000e2c00000, 0x00000000e2d00000|  0%| F|  |TAMS 0x00000000e2c00000, 0x00000000e2c00000| Untracked 
|  45|0x00000000e2d00000, 0x00000000e2d00000, 0x00000000e2e00000|  0%| F|  |TAMS 0x00000000e2d00000, 0x00000000e2d00000| Untracked 
|  46|0x00000000e2e00000, 0x00000000e2e00000, 0x00000000e2f00000|  0%| F|  |TAMS 0x00000000e2e00000, 0x00000000e2e00000| Untracked 
|  47|0x00000000e2f00000, 0x00000000e2f00000, 0x00000000e3000000|  0%| F|  |TAMS 0x00000000e2f00000, 0x00000000e2f00000| Untracked 
|  48|0x00000000e3000000, 0x00000000e3000000, 0x00000000e3100000|  0%| F|  |TAMS 0x00000000e3000000, 0x00000000e3000000| Untracked 
|  49|0x00000000e3100000, 0x00000000e3100000, 0x00000000e3200000|  0%| F|  |TAMS 0x00000000e3100000, 0x00000000e3100000| Untracked 
|  50|0x00000000e3200000, 0x00000000e3200000, 0x00000000e3300000|  0%| F|  |TAMS 0x00000000e3200000, 0x00000000e3200000| Untracked 
|  51|0x00000000e3300000, 0x00000000e3300000, 0x00000000e3400000|  0%| F|  |TAMS 0x00000000e3300000, 0x00000000e3300000| Untracked 
|  52|0x00000000e3400000, 0x00000000e3400000, 0x00000000e3500000|  0%| F|  |TAMS 0x00000000e3400000, 0x00000000e3400000| Untracked 
|  53|0x00000000e3500000, 0x00000000e3500000, 0x00000000e3600000|  0%| F|  |TAMS 0x00000000e3500000, 0x00000000e3500000| Untracked 
|  54|0x00000000e3600000, 0x00000000e3600000, 0x00000000e3700000|  0%| F|  |TAMS 0x00000000e3600000, 0x00000000e3600000| Untracked 
|  55|0x00000000e3700000, 0x00000000e3700000, 0x00000000e3800000|  0%| F|  |TAMS 0x00000000e3700000, 0x00000000e3700000| Untracked 
|  56|0x00000000e3800000, 0x00000000e3800000, 0x00000000e3900000|  0%| F|  |TAMS 0x00000000e3800000, 0x00000000e3800000| Untracked 
|  57|0x00000000e3900000, 0x00000000e3900000, 0x00000000e3a00000|  0%| F|  |TAMS 0x00000000e3900000, 0x00000000e3900000| Untracked 
|  58|0x00000000e3a00000, 0x00000000e3a00000, 0x00000000e3b00000|  0%| F|  |TAMS 0x00000000e3a00000, 0x00000000e3a00000| Untracked 
|  59|0x00000000e3b00000, 0x00000000e3b00000, 0x00000000e3c00000|  0%| F|  |TAMS 0x00000000e3b00000, 0x00000000e3b00000| Untracked 
|  60|0x00000000e3c00000, 0x00000000e3c00000, 0x00000000e3d00000|  0%| F|  |TAMS 0x00000000e3c00000, 0x00000000e3c00000| Untracked 
|  61|0x00000000e3d00000, 0x00000000e3d00000, 0x00000000e3e00000|  0%| F|  |TAMS 0x00000000e3d00000, 0x00000000e3d00000| Untracked 
|  62|0x00000000e3e00000, 0x00000000e3e00000, 0x00000000e3f00000|  0%| F|  |TAMS 0x00000000e3e00000, 0x00000000e3e00000| Untracked 
|  63|0x00000000e3f00000, 0x00000000e3f00000, 0x00000000e4000000|  0%| F|  |TAMS 0x00000000e3f00000, 0x00000000e3f00000| Untracked 
|  64|0x00000000e4000000, 0x00000000e4000000, 0x00000000e4100000|  0%| F|  |TAMS 0x00000000e4000000, 0x00000000e4000000| Untracked 
|  65|0x00000000e4100000, 0x00000000e4100000, 0x00000000e4200000|  0%| F|  |TAMS 0x00000000e4100000, 0x00000000e4100000| Untracked 
|  66|0x00000000e4200000, 0x00000000e4200000, 0x00000000e4300000|  0%| F|  |TAMS 0x00000000e4200000, 0x00000000e4200000| Untracked 
|  67|0x00000000e4300000, 0x00000000e4300000, 0x00000000e4400000|  0%| F|  |TAMS 0x00000000e4300000, 0x00000000e4300000| Untracked 
|  68|0x00000000e4400000, 0x00000000e4400000, 0x00000000e4500000|  0%| F|  |TAMS 0x00000000e4400000, 0x00000000e4400000| Untracked 
|  69|0x00000000e4500000, 0x00000000e4500000, 0x00000000e4600000|  0%| F|  |TAMS 0x00000000e4500000, 0x00000000e4500000| Untracked 
|  70|0x00000000e4600000, 0x00000000e4600000, 0x00000000e4700000|  0%| F|  |TAMS 0x00000000e4600000, 0x00000000e4600000| Untracked 
|  71|0x00000000e4700000, 0x00000000e4700000, 0x00000000e4800000|  0%| F|  |TAMS 0x00000000e4700000, 0x00000000e4700000| Untracked 
|  72|0x00000000e4800000, 0x00000000e4800000, 0x00000000e4900000|  0%| F|  |TAMS 0x00000000e4800000, 0x00000000e4800000| Untracked 
|  73|0x00000000e4900000, 0x00000000e4900000, 0x00000000e4a00000|  0%| F|  |TAMS 0x00000000e4900000, 0x00000000e4900000| Untracked 
|  74|0x00000000e4a00000, 0x00000000e4a00000, 0x00000000e4b00000|  0%| F|  |TAMS 0x00000000e4a00000, 0x00000000e4a00000| Untracked 
|  75|0x00000000e4b00000, 0x00000000e4b00000, 0x00000000e4c00000|  0%| F|  |TAMS 0x00000000e4b00000, 0x00000000e4b00000| Untracked 
|  76|0x00000000e4c00000, 0x00000000e4c00000, 0x00000000e4d00000|  0%| F|  |TAMS 0x00000000e4c00000, 0x00000000e4c00000| Untracked 
|  77|0x00000000e4d00000, 0x00000000e4d00000, 0x00000000e4e00000|  0%| F|  |TAMS 0x00000000e4d00000, 0x00000000e4d00000| Untracked 
|  78|0x00000000e4e00000, 0x00000000e4e00000, 0x00000000e4f00000|  0%| F|  |TAMS 0x00000000e4e00000, 0x00000000e4e00000| Untracked 
|  79|0x00000000e4f00000, 0x00000000e4f00000, 0x00000000e5000000|  0%| F|  |TAMS 0x00000000e4f00000, 0x00000000e4f00000| Untracked 
|  80|0x00000000e5000000, 0x00000000e5000000, 0x00000000e5100000|  0%| F|  |TAMS 0x00000000e5000000, 0x00000000e5000000| Untracked 
|  81|0x00000000e5100000, 0x00000000e5100000, 0x00000000e5200000|  0%| F|  |TAMS 0x00000000e5100000, 0x00000000e5100000| Untracked 
|  82|0x00000000e5200000, 0x00000000e5200000, 0x00000000e5300000|  0%| F|  |TAMS 0x00000000e5200000, 0x00000000e5200000| Untracked 
|  83|0x00000000e5300000, 0x00000000e5300000, 0x00000000e5400000|  0%| F|  |TAMS 0x00000000e5300000, 0x00000000e5300000| Untracked 
|  84|0x00000000e5400000, 0x00000000e5400000, 0x00000000e5500000|  0%| F|  |TAMS 0x00000000e5400000, 0x00000000e5400000| Untracked 
|  85|0x00000000e5500000, 0x00000000e5500000, 0x00000000e5600000|  0%| F|  |TAMS 0x00000000e5500000, 0x00000000e5500000| Untracked 
|  86|0x00000000e5600000, 0x00000000e5600000, 0x00000000e5700000|  0%| F|  |TAMS 0x00000000e5600000, 0x00000000e5600000| Untracked 
|  87|0x00000000e5700000, 0x00000000e5700000, 0x00000000e5800000|  0%| F|  |TAMS 0x00000000e5700000, 0x00000000e5700000| Untracked 
|  88|0x00000000e5800000, 0x00000000e5800000, 0x00000000e5900000|  0%| F|  |TAMS 0x00000000e5800000, 0x00000000e5800000| Untracked 
|  89|0x00000000e5900000, 0x00000000e5900000, 0x00000000e5a00000|  0%| F|  |TAMS 0x00000000e5900000, 0x00000000e5900000| Untracked 
|  90|0x00000000e5a00000, 0x00000000e5a00000, 0x00000000e5b00000|  0%| F|  |TAMS 0x00000000e5a00000, 0x00000000e5a00000| Untracked 
|  91|0x00000000e5b00000, 0x00000000e5b00000, 0x00000000e5c00000|  0%| F|  |TAMS 0x00000000e5b00000, 0x00000000e5b00000| Untracked 
|  92|0x00000000e5c00000, 0x00000000e5c00000, 0x00000000e5d00000|  0%| F|  |TAMS 0x00000000e5c00000, 0x00000000e5c00000| Untracked 
|  93|0x00000000e5d00000, 0x00000000e5d00000, 0x00000000e5e00000|  0%| F|  |TAMS 0x00000000e5d00000, 0x00000000e5d00000| Untracked 
|  94|0x00000000e5e00000, 0x00000000e5e00000, 0x00000000e5f00000|  0%| F|  |TAMS 0x00000000e5e00000, 0x00000000e5e00000| Untracked 
|  95|0x00000000e5f00000, 0x00000000e5f00000, 0x00000000e6000000|  0%| F|  |TAMS 0x00000000e5f00000, 0x00000000e5f00000| Untracked 
|  96|0x00000000e6000000, 0x00000000e6000000, 0x00000000e6100000|  0%| F|  |TAMS 0x00000000e6000000, 0x00000000e6000000| Untracked 
|  97|0x00000000e6100000, 0x00000000e6100000, 0x00000000e6200000|  0%| F|  |TAMS 0x00000000e6100000, 0x00000000e6100000| Untracked 
|  98|0x00000000e6200000, 0x00000000e6200000, 0x00000000e6300000|  0%| F|  |TAMS 0x00000000e6200000, 0x00000000e6200000| Untracked 
|  99|0x00000000e6300000, 0x00000000e6300000, 0x00000000e6400000|  0%| F|  |TAMS 0x00000000e6300000, 0x00000000e6300000| Untracked 
| 100|0x00000000e6400000, 0x00000000e6400000, 0x00000000e6500000|  0%| F|  |TAMS 0x00000000e6400000, 0x00000000e6400000| Untracked 
| 101|0x00000000e6500000, 0x00000000e6500000, 0x00000000e6600000|  0%| F|  |TAMS 0x00000000e6500000, 0x00000000e6500000| Untracked 
| 102|0x00000000e6600000, 0x00000000e6600000, 0x00000000e6700000|  0%| F|  |TAMS 0x00000000e6600000, 0x00000000e6600000| Untracked 
| 103|0x00000000e6700000, 0x00000000e6700000, 0x00000000e6800000|  0%| F|  |TAMS 0x00000000e6700000, 0x00000000e6700000| Untracked 
| 104|0x00000000e6800000, 0x00000000e6800000, 0x00000000e6900000|  0%| F|  |TAMS 0x00000000e6800000, 0x00000000e6800000| Untracked 
| 105|0x00000000e6900000, 0x00000000e6900000, 0x00000000e6a00000|  0%| F|  |TAMS 0x00000000e6900000, 0x00000000e6900000| Untracked 
| 106|0x00000000e6a00000, 0x00000000e6a00000, 0x00000000e6b00000|  0%| F|  |TAMS 0x00000000e6a00000, 0x00000000e6a00000| Untracked 
| 107|0x00000000e6b00000, 0x00000000e6b00000, 0x00000000e6c00000|  0%| F|  |TAMS 0x00000000e6b00000, 0x00000000e6b00000| Untracked 
| 108|0x00000000e6c00000, 0x00000000e6c00000, 0x00000000e6d00000|  0%| F|  |TAMS 0x00000000e6c00000, 0x00000000e6c00000| Untracked 
| 109|0x00000000e6d00000, 0x00000000e6d00000, 0x00000000e6e00000|  0%| F|  |TAMS 0x00000000e6d00000, 0x00000000e6d00000| Untracked 
| 110|0x00000000e6e00000, 0x00000000e6e00000, 0x00000000e6f00000|  0%| F|  |TAMS 0x00000000e6e00000, 0x00000000e6e00000| Untracked 
| 111|0x00000000e6f00000, 0x00000000e6f00000, 0x00000000e7000000|  0%| F|  |TAMS 0x00000000e6f00000, 0x00000000e6f00000| Untracked 
| 112|0x00000000e7000000, 0x00000000e7000000, 0x00000000e7100000|  0%| F|  |TAMS 0x00000000e7000000, 0x00000000e7000000| Untracked 
| 113|0x00000000e7100000, 0x00000000e7100000, 0x00000000e7200000|  0%| F|  |TAMS 0x00000000e7100000, 0x00000000e7100000| Untracked 
| 114|0x00000000e7200000, 0x00000000e7200000, 0x00000000e7300000|  0%| F|  |TAMS 0x00000000e7200000, 0x00000000e7200000| Untracked 
| 115|0x00000000e7300000, 0x00000000e7300000, 0x00000000e7400000|  0%| F|  |TAMS 0x00000000e7300000, 0x00000000e7300000| Untracked 
| 116|0x00000000e7400000, 0x00000000e7400000, 0x00000000e7500000|  0%| F|  |TAMS 0x00000000e7400000, 0x00000000e7400000| Untracked 
| 117|0x00000000e7500000, 0x00000000e7500000, 0x00000000e7600000|  0%| F|  |TAMS 0x00000000e7500000, 0x00000000e7500000| Untracked 
| 118|0x00000000e7600000, 0x00000000e7600000, 0x00000000e7700000|  0%| F|  |TAMS 0x00000000e7600000, 0x00000000e7600000| Untracked 
| 119|0x00000000e7700000, 0x00000000e7700000, 0x00000000e7800000|  0%| F|  |TAMS 0x00000000e7700000, 0x00000000e7700000| Untracked 
| 120|0x00000000e7800000, 0x00000000e7800000, 0x00000000e7900000|  0%| F|  |TAMS 0x00000000e7800000, 0x00000000e7800000| Untracked 
| 121|0x00000000e7900000, 0x00000000e7900000, 0x00000000e7a00000|  0%| F|  |TAMS 0x00000000e7900000, 0x00000000e7900000| Untracked 
| 122|0x00000000e7a00000, 0x00000000e7a00000, 0x00000000e7b00000|  0%| F|  |TAMS 0x00000000e7a00000, 0x00000000e7a00000| Untracked 
| 123|0x00000000e7b00000, 0x00000000e7b00000, 0x00000000e7c00000|  0%| F|  |TAMS 0x00000000e7b00000, 0x00000000e7b00000| Untracked 
| 124|0x00000000e7c00000, 0x00000000e7c00000, 0x00000000e7d00000|  0%| F|  |TAMS 0x00000000e7c00000, 0x00000000e7c00000| Untracked 
| 125|0x00000000e7d00000, 0x00000000e7d00000, 0x00000000e7e00000|  0%| F|  |TAMS 0x00000000e7d00000, 0x00000000e7d00000| Untracked 
| 126|0x00000000e7e00000, 0x00000000e7e00000, 0x00000000e7f00000|  0%| F|  |TAMS 0x00000000e7e00000, 0x00000000e7e00000| Untracked 
| 127|0x00000000e7f00000, 0x00000000e7f00000, 0x00000000e8000000|  0%| F|  |TAMS 0x00000000e7f00000, 0x00000000e7f00000| Untracked 
| 128|0x00000000e8000000, 0x00000000e8000000, 0x00000000e8100000|  0%| F|  |TAMS 0x00000000e8000000, 0x00000000e8000000| Untracked 
| 129|0x00000000e8100000, 0x00000000e8100000, 0x00000000e8200000|  0%| F|  |TAMS 0x00000000e8100000, 0x00000000e8100000| Untracked 
| 130|0x00000000e8200000, 0x00000000e8200000, 0x00000000e8300000|  0%| F|  |TAMS 0x00000000e8200000, 0x00000000e8200000| Untracked 
| 131|0x00000000e8300000, 0x00000000e8300000, 0x00000000e8400000|  0%| F|  |TAMS 0x00000000e8300000, 0x00000000e8300000| Untracked 
| 132|0x00000000e8400000, 0x00000000e8400000, 0x00000000e8500000|  0%| F|  |TAMS 0x00000000e8400000, 0x00000000e8400000| Untracked 
| 133|0x00000000e8500000, 0x00000000e8500000, 0x00000000e8600000|  0%| F|  |TAMS 0x00000000e8500000, 0x00000000e8500000| Untracked 
| 134|0x00000000e8600000, 0x00000000e8600000, 0x00000000e8700000|  0%| F|  |TAMS 0x00000000e8600000, 0x00000000e8600000| Untracked 
| 135|0x00000000e8700000, 0x00000000e8700000, 0x00000000e8800000|  0%| F|  |TAMS 0x00000000e8700000, 0x00000000e8700000| Untracked 
| 136|0x00000000e8800000, 0x00000000e8800000, 0x00000000e8900000|  0%| F|  |TAMS 0x00000000e8800000, 0x00000000e8800000| Untracked 
| 137|0x00000000e8900000, 0x00000000e8900000, 0x00000000e8a00000|  0%| F|  |TAMS 0x00000000e8900000, 0x00000000e8900000| Untracked 
| 138|0x00000000e8a00000, 0x00000000e8a00000, 0x00000000e8b00000|  0%| F|  |TAMS 0x00000000e8a00000, 0x00000000e8a00000| Untracked 
| 139|0x00000000e8b00000, 0x00000000e8b00000, 0x00000000e8c00000|  0%| F|  |TAMS 0x00000000e8b00000, 0x00000000e8b00000| Untracked 
| 140|0x00000000e8c00000, 0x00000000e8c00000, 0x00000000e8d00000|  0%| F|  |TAMS 0x00000000e8c00000, 0x00000000e8c00000| Untracked 
| 141|0x00000000e8d00000, 0x00000000e8d00000, 0x00000000e8e00000|  0%| F|  |TAMS 0x00000000e8d00000, 0x00000000e8d00000| Untracked 
| 142|0x00000000e8e00000, 0x00000000e8e00000, 0x00000000e8f00000|  0%| F|  |TAMS 0x00000000e8e00000, 0x00000000e8e00000| Untracked 
| 143|0x00000000e8f00000, 0x00000000e8f00000, 0x00000000e9000000|  0%| F|  |TAMS 0x00000000e8f00000, 0x00000000e8f00000| Untracked 
| 144|0x00000000e9000000, 0x00000000e9000000, 0x00000000e9100000|  0%| F|  |TAMS 0x00000000e9000000, 0x00000000e9000000| Untracked 
| 145|0x00000000e9100000, 0x00000000e9100000, 0x00000000e9200000|  0%| F|  |TAMS 0x00000000e9100000, 0x00000000e9100000| Untracked 
| 146|0x00000000e9200000, 0x00000000e9200000, 0x00000000e9300000|  0%| F|  |TAMS 0x00000000e9200000, 0x00000000e9200000| Untracked 
| 147|0x00000000e9300000, 0x00000000e9300000, 0x00000000e9400000|  0%| F|  |TAMS 0x00000000e9300000, 0x00000000e9300000| Untracked 
| 148|0x00000000e9400000, 0x00000000e9400000, 0x00000000e9500000|  0%| F|  |TAMS 0x00000000e9400000, 0x00000000e9400000| Untracked 
| 149|0x00000000e9500000, 0x00000000e9500000, 0x00000000e9600000|  0%| F|  |TAMS 0x00000000e9500000, 0x00000000e9500000| Untracked 
| 150|0x00000000e9600000, 0x00000000e9600000, 0x00000000e9700000|  0%| F|  |TAMS 0x00000000e9600000, 0x00000000e9600000| Untracked 
| 151|0x00000000e9700000, 0x00000000e9700000, 0x00000000e9800000|  0%| F|  |TAMS 0x00000000e9700000, 0x00000000e9700000| Untracked 
| 152|0x00000000e9800000, 0x00000000e9800000, 0x00000000e9900000|  0%| F|  |TAMS 0x00000000e9800000, 0x00000000e9800000| Untracked 
| 153|0x00000000e9900000, 0x00000000e9900000, 0x00000000e9a00000|  0%| F|  |TAMS 0x00000000e9900000, 0x00000000e9900000| Untracked 
| 154|0x00000000e9a00000, 0x00000000e9a00000, 0x00000000e9b00000|  0%| F|  |TAMS 0x00000000e9a00000, 0x00000000e9a00000| Untracked 
| 155|0x00000000e9b00000, 0x00000000e9b00000, 0x00000000e9c00000|  0%| F|  |TAMS 0x00000000e9b00000, 0x00000000e9b00000| Untracked 
| 156|0x00000000e9c00000, 0x00000000e9c00000, 0x00000000e9d00000|  0%| F|  |TAMS 0x00000000e9c00000, 0x00000000e9c00000| Untracked 
| 157|0x00000000e9d00000, 0x00000000e9d00000, 0x00000000e9e00000|  0%| F|  |TAMS 0x00000000e9d00000, 0x00000000e9d00000| Untracked 
| 158|0x00000000e9e00000, 0x00000000e9e00000, 0x00000000e9f00000|  0%| F|  |TAMS 0x00000000e9e00000, 0x00000000e9e00000| Untracked 
| 159|0x00000000e9f00000, 0x00000000e9f00000, 0x00000000ea000000|  0%| F|  |TAMS 0x00000000e9f00000, 0x00000000e9f00000| Untracked 
| 160|0x00000000ea000000, 0x00000000ea000000, 0x00000000ea100000|  0%| F|  |TAMS 0x00000000ea000000, 0x00000000ea000000| Untracked 
| 161|0x00000000ea100000, 0x00000000ea100000, 0x00000000ea200000|  0%| F|  |TAMS 0x00000000ea100000, 0x00000000ea100000| Untracked 
| 162|0x00000000ea200000, 0x00000000ea200000, 0x00000000ea300000|  0%| F|  |TAMS 0x00000000ea200000, 0x00000000ea200000| Untracked 
| 163|0x00000000ea300000, 0x00000000ea300000, 0x00000000ea400000|  0%| F|  |TAMS 0x00000000ea300000, 0x00000000ea300000| Untracked 
| 164|0x00000000ea400000, 0x00000000ea400000, 0x00000000ea500000|  0%| F|  |TAMS 0x00000000ea400000, 0x00000000ea400000| Untracked 
| 165|0x00000000ea500000, 0x00000000ea500000, 0x00000000ea600000|  0%| F|  |TAMS 0x00000000ea500000, 0x00000000ea500000| Untracked 
| 166|0x00000000ea600000, 0x00000000ea600000, 0x00000000ea700000|  0%| F|  |TAMS 0x00000000ea600000, 0x00000000ea600000| Untracked 
| 167|0x00000000ea700000, 0x00000000ea700000, 0x00000000ea800000|  0%| F|  |TAMS 0x00000000ea700000, 0x00000000ea700000| Untracked 
| 168|0x00000000ea800000, 0x00000000ea880800, 0x00000000ea900000| 50%| E|  |TAMS 0x00000000ea800000, 0x00000000ea800000| Complete 
| 169|0x00000000ea900000, 0x00000000eaa00000, 0x00000000eaa00000|100%| E|CS|TAMS 0x00000000ea900000, 0x00000000ea900000| Complete 
| 170|0x00000000eaa00000, 0x00000000eab00000, 0x00000000eab00000|100%| E|CS|TAMS 0x00000000eaa00000, 0x00000000eaa00000| Complete 
| 171|0x00000000eab00000, 0x00000000eac00000, 0x00000000eac00000|100%| E|CS|TAMS 0x00000000eab00000, 0x00000000eab00000| Complete 
| 172|0x00000000eac00000, 0x00000000ead00000, 0x00000000ead00000|100%| E|CS|TAMS 0x00000000eac00000, 0x00000000eac00000| Complete 
| 173|0x00000000ead00000, 0x00000000eae00000, 0x00000000eae00000|100%| E|CS|TAMS 0x00000000ead00000, 0x00000000ead00000| Complete 
| 174|0x00000000eae00000, 0x00000000eaf00000, 0x00000000eaf00000|100%| E|CS|TAMS 0x00000000eae00000, 0x00000000eae00000| Complete 
| 175|0x00000000eaf00000, 0x00000000eb000000, 0x00000000eb000000|100%| E|CS|TAMS 0x00000000eaf00000, 0x00000000eaf00000| Complete 
| 176|0x00000000eb000000, 0x00000000eb100000, 0x00000000eb100000|100%| E|CS|TAMS 0x00000000eb000000, 0x00000000eb000000| Complete 
| 177|0x00000000eb100000, 0x00000000eb200000, 0x00000000eb200000|100%| E|CS|TAMS 0x00000000eb100000, 0x00000000eb100000| Complete 
| 178|0x00000000eb200000, 0x00000000eb300000, 0x00000000eb300000|100%| E|CS|TAMS 0x00000000eb200000, 0x00000000eb200000| Complete 
| 179|0x00000000eb300000, 0x00000000eb400000, 0x00000000eb400000|100%| E|CS|TAMS 0x00000000eb300000, 0x00000000eb300000| Complete 
| 180|0x00000000eb400000, 0x00000000eb500000, 0x00000000eb500000|100%| E|CS|TAMS 0x00000000eb400000, 0x00000000eb400000| Complete 
| 181|0x00000000eb500000, 0x00000000eb600000, 0x00000000eb600000|100%| E|CS|TAMS 0x00000000eb500000, 0x00000000eb500000| Complete 
| 182|0x00000000eb600000, 0x00000000eb700000, 0x00000000eb700000|100%| E|CS|TAMS 0x00000000eb600000, 0x00000000eb600000| Complete 
| 183|0x00000000eb700000, 0x00000000eb800000, 0x00000000eb800000|100%| E|CS|TAMS 0x00000000eb700000, 0x00000000eb700000| Complete 
| 184|0x00000000eb800000, 0x00000000eb900000, 0x00000000eb900000|100%| E|CS|TAMS 0x00000000eb800000, 0x00000000eb800000| Complete 
| 185|0x00000000eb900000, 0x00000000eba00000, 0x00000000eba00000|100%| E|CS|TAMS 0x00000000eb900000, 0x00000000eb900000| Complete 
| 186|0x00000000eba00000, 0x00000000ebb00000, 0x00000000ebb00000|100%| E|CS|TAMS 0x00000000eba00000, 0x00000000eba00000| Complete 
| 187|0x00000000ebb00000, 0x00000000ebc00000, 0x00000000ebc00000|100%| E|CS|TAMS 0x00000000ebb00000, 0x00000000ebb00000| Complete 
| 188|0x00000000ebc00000, 0x00000000ebc95580, 0x00000000ebd00000| 58%| S|CS|TAMS 0x00000000ebc00000, 0x00000000ebc00000| Complete 
| 189|0x00000000ebd00000, 0x00000000ebe00000, 0x00000000ebe00000|100%| S|CS|TAMS 0x00000000ebd00000, 0x00000000ebd00000| Complete 
| 190|0x00000000ebe00000, 0x00000000ebf00000, 0x00000000ebf00000|100%| S|CS|TAMS 0x00000000ebe00000, 0x00000000ebe00000| Complete 
| 191|0x00000000ebf00000, 0x00000000ec000000, 0x00000000ec000000|100%| S|CS|TAMS 0x00000000ebf00000, 0x00000000ebf00000| Complete 
| 192|0x00000000ec000000, 0x00000000ec100000, 0x00000000ec100000|100%| S|CS|TAMS 0x00000000ec000000, 0x00000000ec000000| Complete 
| 193|0x00000000ec100000, 0x00000000ec200000, 0x00000000ec200000|100%| S|CS|TAMS 0x00000000ec100000, 0x00000000ec100000| Complete 
| 194|0x00000000ec200000, 0x00000000ec300000, 0x00000000ec300000|100%| E|CS|TAMS 0x00000000ec200000, 0x00000000ec200000| Complete 
| 195|0x00000000ec300000, 0x00000000ec400000, 0x00000000ec400000|100%| E|CS|TAMS 0x00000000ec300000, 0x00000000ec300000| Complete 
| 196|0x00000000ec400000, 0x00000000ec500000, 0x00000000ec500000|100%| E|CS|TAMS 0x00000000ec400000, 0x00000000ec400000| Complete 
| 197|0x00000000ec500000, 0x00000000ec600000, 0x00000000ec600000|100%| E|CS|TAMS 0x00000000ec500000, 0x00000000ec500000| Complete 
| 198|0x00000000ec600000, 0x00000000ec700000, 0x00000000ec700000|100%| E|CS|TAMS 0x00000000ec600000, 0x00000000ec600000| Complete 
| 199|0x00000000ec700000, 0x00000000ec800000, 0x00000000ec800000|100%| E|CS|TAMS 0x00000000ec700000, 0x00000000ec700000| Complete 
| 200|0x00000000ec800000, 0x00000000ec900000, 0x00000000ec900000|100%| E|CS|TAMS 0x00000000ec800000, 0x00000000ec800000| Complete 
| 201|0x00000000ec900000, 0x00000000eca00000, 0x00000000eca00000|100%| E|CS|TAMS 0x00000000ec900000, 0x00000000ec900000| Complete 
| 202|0x00000000eca00000, 0x00000000ecb00000, 0x00000000ecb00000|100%| E|CS|TAMS 0x00000000eca00000, 0x00000000eca00000| Complete 
| 203|0x00000000ecb00000, 0x00000000ecc00000, 0x00000000ecc00000|100%| E|CS|TAMS 0x00000000ecb00000, 0x00000000ecb00000| Complete 
| 204|0x00000000ecc00000, 0x00000000ecd00000, 0x00000000ecd00000|100%| E|CS|TAMS 0x00000000ecc00000, 0x00000000ecc00000| Complete 
| 205|0x00000000ecd00000, 0x00000000ece00000, 0x00000000ece00000|100%| E|CS|TAMS 0x00000000ecd00000, 0x00000000ecd00000| Complete 
| 206|0x00000000ece00000, 0x00000000ecf00000, 0x00000000ecf00000|100%| E|CS|TAMS 0x00000000ece00000, 0x00000000ece00000| Complete 
| 207|0x00000000ecf00000, 0x00000000ed000000, 0x00000000ed000000|100%| E|CS|TAMS 0x00000000ecf00000, 0x00000000ecf00000| Complete 
| 208|0x00000000ed000000, 0x00000000ed100000, 0x00000000ed100000|100%| E|CS|TAMS 0x00000000ed000000, 0x00000000ed000000| Complete 
| 209|0x00000000ed100000, 0x00000000ed200000, 0x00000000ed200000|100%| E|CS|TAMS 0x00000000ed100000, 0x00000000ed100000| Complete 
| 210|0x00000000ed200000, 0x00000000ed300000, 0x00000000ed300000|100%| E|CS|TAMS 0x00000000ed200000, 0x00000000ed200000| Complete 
| 211|0x00000000ed300000, 0x00000000ed400000, 0x00000000ed400000|100%| E|CS|TAMS 0x00000000ed300000, 0x00000000ed300000| Complete 
| 212|0x00000000ed400000, 0x00000000ed500000, 0x00000000ed500000|100%| E|CS|TAMS 0x00000000ed400000, 0x00000000ed400000| Complete 
| 213|0x00000000ed500000, 0x00000000ed600000, 0x00000000ed600000|100%| E|CS|TAMS 0x00000000ed500000, 0x00000000ed500000| Complete 
| 214|0x00000000ed600000, 0x00000000ed700000, 0x00000000ed700000|100%| E|CS|TAMS 0x00000000ed600000, 0x00000000ed600000| Complete 
| 215|0x00000000ed700000, 0x00000000ed800000, 0x00000000ed800000|100%| E|CS|TAMS 0x00000000ed700000, 0x00000000ed700000| Complete 
| 216|0x00000000ed800000, 0x00000000ed900000, 0x00000000ed900000|100%| E|CS|TAMS 0x00000000ed800000, 0x00000000ed800000| Complete 
| 217|0x00000000ed900000, 0x00000000eda00000, 0x00000000eda00000|100%| E|CS|TAMS 0x00000000ed900000, 0x00000000ed900000| Complete 
| 218|0x00000000eda00000, 0x00000000edb00000, 0x00000000edb00000|100%| E|CS|TAMS 0x00000000eda00000, 0x00000000eda00000| Complete 
| 219|0x00000000edb00000, 0x00000000edc00000, 0x00000000edc00000|100%| E|CS|TAMS 0x00000000edb00000, 0x00000000edb00000| Complete 
| 220|0x00000000edc00000, 0x00000000edd00000, 0x00000000edd00000|100%| E|CS|TAMS 0x00000000edc00000, 0x00000000edc00000| Complete 
| 221|0x00000000edd00000, 0x00000000ede00000, 0x00000000ede00000|100%| E|CS|TAMS 0x00000000edd00000, 0x00000000edd00000| Complete 
| 222|0x00000000ede00000, 0x00000000edf00000, 0x00000000edf00000|100%| E|CS|TAMS 0x00000000ede00000, 0x00000000ede00000| Complete 
| 223|0x00000000edf00000, 0x00000000ee000000, 0x00000000ee000000|100%| E|CS|TAMS 0x00000000edf00000, 0x00000000edf00000| Complete 
| 224|0x00000000ee000000, 0x00000000ee100000, 0x00000000ee100000|100%| E|CS|TAMS 0x00000000ee000000, 0x00000000ee000000| Complete 
| 225|0x00000000ee100000, 0x00000000ee200000, 0x00000000ee200000|100%| E|CS|TAMS 0x00000000ee100000, 0x00000000ee100000| Complete 
| 226|0x00000000ee200000, 0x00000000ee300000, 0x00000000ee300000|100%| E|CS|TAMS 0x00000000ee200000, 0x00000000ee200000| Complete 
| 227|0x00000000ee300000, 0x00000000ee400000, 0x00000000ee400000|100%| E|CS|TAMS 0x00000000ee300000, 0x00000000ee300000| Complete 
| 228|0x00000000ee400000, 0x00000000ee500000, 0x00000000ee500000|100%| E|CS|TAMS 0x00000000ee400000, 0x00000000ee400000| Complete 
| 229|0x00000000ee500000, 0x00000000ee600000, 0x00000000ee600000|100%| E|CS|TAMS 0x00000000ee500000, 0x00000000ee500000| Complete 
| 230|0x00000000ee600000, 0x00000000ee700000, 0x00000000ee700000|100%| E|CS|TAMS 0x00000000ee600000, 0x00000000ee600000| Complete 
| 231|0x00000000ee700000, 0x00000000ee800000, 0x00000000ee800000|100%| E|CS|TAMS 0x00000000ee700000, 0x00000000ee700000| Complete 
| 232|0x00000000ee800000, 0x00000000ee900000, 0x00000000ee900000|100%| E|CS|TAMS 0x00000000ee800000, 0x00000000ee800000| Complete 
| 233|0x00000000ee900000, 0x00000000eea00000, 0x00000000eea00000|100%| E|CS|TAMS 0x00000000ee900000, 0x00000000ee900000| Complete 
| 234|0x00000000eea00000, 0x00000000eeb00000, 0x00000000eeb00000|100%| E|CS|TAMS 0x00000000eea00000, 0x00000000eea00000| Complete 
| 235|0x00000000eeb00000, 0x00000000eec00000, 0x00000000eec00000|100%| E|CS|TAMS 0x00000000eeb00000, 0x00000000eeb00000| Complete 
| 236|0x00000000eec00000, 0x00000000eed00000, 0x00000000eed00000|100%| E|CS|TAMS 0x00000000eec00000, 0x00000000eec00000| Complete 
| 237|0x00000000eed00000, 0x00000000eee00000, 0x00000000eee00000|100%| E|CS|TAMS 0x00000000eed00000, 0x00000000eed00000| Complete 
| 238|0x00000000eee00000, 0x00000000eef00000, 0x00000000eef00000|100%| E|CS|TAMS 0x00000000eee00000, 0x00000000eee00000| Complete 
| 239|0x00000000eef00000, 0x00000000ef000000, 0x00000000ef000000|100%| E|CS|TAMS 0x00000000eef00000, 0x00000000eef00000| Complete 
| 240|0x00000000ef000000, 0x00000000ef100000, 0x00000000ef100000|100%| E|CS|TAMS 0x00000000ef000000, 0x00000000ef000000| Complete 
| 241|0x00000000ef100000, 0x00000000ef200000, 0x00000000ef200000|100%| E|CS|TAMS 0x00000000ef100000, 0x00000000ef100000| Complete 
| 242|0x00000000ef200000, 0x00000000ef300000, 0x00000000ef300000|100%| E|CS|TAMS 0x00000000ef200000, 0x00000000ef200000| Complete 
| 243|0x00000000ef300000, 0x00000000ef400000, 0x00000000ef400000|100%| E|CS|TAMS 0x00000000ef300000, 0x00000000ef300000| Complete 
| 244|0x00000000ef400000, 0x00000000ef500000, 0x00000000ef500000|100%| E|CS|TAMS 0x00000000ef400000, 0x00000000ef400000| Complete 
| 245|0x00000000ef500000, 0x00000000ef600000, 0x00000000ef600000|100%| E|CS|TAMS 0x00000000ef500000, 0x00000000ef500000| Complete 
| 246|0x00000000ef600000, 0x00000000ef700000, 0x00000000ef700000|100%| E|CS|TAMS 0x00000000ef600000, 0x00000000ef600000| Complete 
| 247|0x00000000ef700000, 0x00000000ef800000, 0x00000000ef800000|100%| E|CS|TAMS 0x00000000ef700000, 0x00000000ef700000| Complete 
| 248|0x00000000ef800000, 0x00000000ef900000, 0x00000000ef900000|100%| E|CS|TAMS 0x00000000ef800000, 0x00000000ef800000| Complete 
| 249|0x00000000ef900000, 0x00000000efa00000, 0x00000000efa00000|100%| E|CS|TAMS 0x00000000ef900000, 0x00000000ef900000| Complete 
| 250|0x00000000efa00000, 0x00000000efb00000, 0x00000000efb00000|100%| E|CS|TAMS 0x00000000efa00000, 0x00000000efa00000| Complete 
| 251|0x00000000efb00000, 0x00000000efc00000, 0x00000000efc00000|100%| E|CS|TAMS 0x00000000efb00000, 0x00000000efb00000| Complete 
| 252|0x00000000efc00000, 0x00000000efd00000, 0x00000000efd00000|100%| E|CS|TAMS 0x00000000efc00000, 0x00000000efc00000| Complete 
| 253|0x00000000efd00000, 0x00000000efe00000, 0x00000000efe00000|100%| E|CS|TAMS 0x00000000efd00000, 0x00000000efd00000| Complete 
| 254|0x00000000efe00000, 0x00000000eff00000, 0x00000000eff00000|100%| E|CS|TAMS 0x00000000efe00000, 0x00000000efe00000| Complete 
| 255|0x00000000eff00000, 0x00000000f0000000, 0x00000000f0000000|100%| E|CS|TAMS 0x00000000eff00000, 0x00000000eff00000| Complete 

Card table byte_map: [0x000001b47c6a0000,0x000001b47c7a0000] _byte_map_base: 0x000001b47bfa0000

Marking Bits (Prev, Next): (CMBitMap*) 0x000001b47275b9c0, (CMBitMap*) 0x000001b47275ba00
 Prev Bits: [0x000001b47c8a0000, 0x000001b47d0a0000)
 Next Bits: [0x000001b47d0a0000, 0x000001b47d8a0000)

Polling page: 0x000001b472630000

Metaspace:

Usage:
  Non-class:     15.91 MB used.
      Class:      2.72 MB used.
       Both:     18.64 MB used.

Virtual space:
  Non-class space:       24.00 MB reserved,      16.06 MB ( 67%) committed,  3 nodes.
      Class space:      308.00 MB reserved,       2.88 MB ( <1%) committed,  1 nodes.
             Both:      332.00 MB reserved,      18.94 MB (  6%) committed. 

Chunk freelists:
   Non-Class:  3.67 MB
       Class:  1.11 MB
        Both:  4.78 MB

MaxMetaspaceSize: 384.00 MB
CompressedClassSpaceSize: 308.00 MB
Initial GC threshold: 21.00 MB
Current GC threshold: 21.00 MB
CDS: on
MetaspaceReclaimPolicy: balanced
 - commit_granule_bytes: 65536.
 - commit_granule_words: 8192.
 - virtual_space_node_default_size: 1048576.
 - enlarge_chunks_in_place: 1.
 - new_chunks_are_fully_committed: 0.
 - uncommit_free_chunks: 1.
 - use_allocation_guard: 0.
 - handle_deallocations: 1.


Internal statistics:

num_allocs_failed_limit: 0.
num_arena_births: 210.
num_arena_deaths: 0.
num_vsnodes_births: 4.
num_vsnodes_deaths: 0.
num_space_committed: 303.
num_space_uncommitted: 0.
num_chunks_returned_to_freelist: 0.
num_chunks_taken_from_freelist: 882.
num_chunk_merges: 0.
num_chunk_splits: 575.
num_chunks_enlarged: 429.
num_purges: 0.
num_inconsistent_stats: 0.

CodeHeap 'non-profiled nmethods': size=120000Kb used=1290Kb max_used=1290Kb free=118709Kb
 bounds [0x000001b407ad0000, 0x000001b407d40000, 0x000001b40f000000]
CodeHeap 'profiled nmethods': size=120000Kb used=5217Kb max_used=5217Kb free=114782Kb
 bounds [0x000001b4005a0000, 0x000001b400ac0000, 0x000001b407ad0000]
CodeHeap 'non-nmethods': size=5760Kb used=1232Kb max_used=1316Kb free=4527Kb
 bounds [0x000001b400000000, 0x000001b400270000, 0x000001b4005a0000]
 total_blobs=3063 nmethods=2522 adapters=453
 compilation: enabled
              stopped_count=0, restarted_count=0
 full_count=0

Compilation events (20 events):
Event: 6.023 Thread 0x000001b40f60f320 2494       3       org.gradle.internal.service.AbstractServiceMethod::<init> (42 bytes)
Event: 6.025 Thread 0x000001b40f60f320 nmethod 2494 0x000001b400aa7b90 code [0x000001b400aa7f00, 0x000001b400aa9ac8]
Event: 6.030 Thread 0x000001b40f60f320 2498       3       java.lang.reflect.Constructor::copy (72 bytes)
Event: 6.030 Thread 0x000001b40f60f320 nmethod 2498 0x000001b400aaa290 code [0x000001b400aaa460, 0x000001b400aaa818]
Event: 6.030 Thread 0x000001b40f60f320 2499       3       java.lang.reflect.Constructor::<init> (50 bytes)
Event: 6.031 Thread 0x000001b40f60f320 nmethod 2499 0x000001b400aaa910 code [0x000001b400aaaae0, 0x000001b400aaaf58]
Event: 6.040 Thread 0x000001b40f60f320 2500       3       java.lang.Class::getDeclaredConstructors (27 bytes)
Event: 6.041 Thread 0x000001b40f60f320 nmethod 2500 0x000001b400aab090 code [0x000001b400aab280, 0x000001b400aab598]
Event: 6.048 Thread 0x000001b40f60f320 2501       3       org.gradle.internal.service.DefaultServiceRegistry::determineAccessScope (30 bytes)
Event: 6.048 Thread 0x000001b40f60f320 nmethod 2501 0x000001b400aab710 code [0x000001b400aab960, 0x000001b400aac498]
Event: 6.048 Thread 0x000001b40f60f320 2502       3       org.gradle.internal.service.DefaultServiceRegistry$FactoryMethodService::<init> (17 bytes)
Event: 6.049 Thread 0x000001b40f60f320 nmethod 2502 0x000001b400aac810 code [0x000001b400aac9c0, 0x000001b400aacb78]
Event: 6.049 Thread 0x000001b40f60f320 2503       3       org.gradle.internal.service.DefaultServiceRegistry$FactoryMethodService::serviceTypesOf (42 bytes)
Event: 6.050 Thread 0x000001b40f60f320 nmethod 2503 0x000001b400aacc90 code [0x000001b400aacf60, 0x000001b400aae078]
Event: 6.050 Thread 0x000001b40f60f320 2504   !   3       jdk.proxy1.$Proxy2::value (29 bytes)
Event: 6.050 Thread 0x000001b40f60f320 nmethod 2504 0x000001b400aae610 code [0x000001b400aae7e0, 0x000001b400aaebd8]
Event: 6.050 Thread 0x000001b40f60f320 2505       3       org.gradle.internal.service.DefaultServiceRegistry$FactoryMethodService::<init> (34 bytes)
Event: 6.050 Thread 0x000001b40f60f320 nmethod 2505 0x000001b400aaed90 code [0x000001b400aaef60, 0x000001b400aaf3b8]
Event: 6.069 Thread 0x000001b40f60f320 2507   !   3       jdk.proxy1.$Proxy4::annotationType (29 bytes)
Event: 6.070 Thread 0x000001b40f60f320 nmethod 2507 0x000001b400aaf610 code [0x000001b400aaf7e0, 0x000001b400aafbd8]

GC Heap History (6 events):
Event: 0.550 GC heap before
{Heap before GC invocations=0 (full 0):
 garbage-first heap   total 262144K, used 22528K [0x00000000e0000000, 0x0000000100000000)
  region size 1024K, 23 young (23552K), 0 survivors (0K)
 Metaspace       used 907K, committed 1088K, reserved 323584K
  class space    used 69K, committed 128K, reserved 315392K
}
Event: 0.552 GC heap after
{Heap after GC invocations=1 (full 0):
 garbage-first heap   total 262144K, used 1844K [0x00000000e0000000, 0x0000000100000000)
  region size 1024K, 2 young (2048K), 2 survivors (2048K)
 Metaspace       used 907K, committed 1088K, reserved 323584K
  class space    used 69K, committed 128K, reserved 315392K
}
Event: 1.429 GC heap before
{Heap before GC invocations=1 (full 0):
 garbage-first heap   total 262144K, used 37684K [0x00000000e0000000, 0x0000000100000000)
  region size 1024K, 35 young (35840K), 2 survivors (2048K)
 Metaspace       used 4389K, committed 4544K, reserved 323584K
  class space    used 551K, committed 640K, reserved 315392K
}
Event: 1.434 GC heap after
{Heap after GC invocations=2 (full 0):
 garbage-first heap   total 262144K, used 10979K [0x00000000e0000000, 0x0000000100000000)
  region size 1024K, 5 young (5120K), 5 survivors (5120K)
 Metaspace       used 4389K, committed 4544K, reserved 323584K
  class space    used 551K, committed 640K, reserved 315392K
}
Event: 2.237 GC heap before
{Heap before GC invocations=2 (full 0):
 garbage-first heap   total 262144K, used 71395K [0x00000000e0000000, 0x0000000100000000)
  region size 1024K, 62 young (63488K), 5 survivors (5120K)
 Metaspace       used 5850K, committed 6016K, reserved 323584K
  class space    used 781K, committed 832K, reserved 315392K
}
Event: 2.243 GC heap after
{Heap after GC invocations=3 (full 0):
 garbage-first heap   total 262144K, used 17680K [0x00000000e0000000, 0x0000000100000000)
  region size 1024K, 6 young (6144K), 6 survivors (6144K)
 Metaspace       used 5850K, committed 6016K, reserved 323584K
  class space    used 781K, committed 832K, reserved 315392K
}

Deoptimization events (20 events):
Event: 4.478 Thread 0x000001b4122111c0 DEOPT PACKING pc=0x000001b407b96b24 sp=0x00000032037fae60
Event: 4.478 Thread 0x000001b4122111c0 DEOPT UNPACKING pc=0x000001b4000523a3 sp=0x00000032037fadf8 mode 2
Event: 4.661 Thread 0x000001b4122111c0 DEOPT PACKING pc=0x000001b4009870ea sp=0x00000032037fc1d0
Event: 4.661 Thread 0x000001b4122111c0 DEOPT UNPACKING pc=0x000001b400052b43 sp=0x00000032037fb6e0 mode 0
Event: 4.720 Thread 0x000001b4122111c0 DEOPT PACKING pc=0x000001b40068843d sp=0x00000032037fa530
Event: 4.720 Thread 0x000001b4122111c0 DEOPT UNPACKING pc=0x000001b400052b43 sp=0x00000032037f99c8 mode 0
Event: 4.813 Thread 0x000001b4122111c0 Uncommon trap: trap_request=0xffffff45 fr.pc=0x000001b407aedc10 relative=0x0000000000000a30
Event: 4.813 Thread 0x000001b4122111c0 Uncommon trap: reason=unstable_if action=reinterpret pc=0x000001b407aedc10 method=java.io.WinNTFileSystem.resolve(Ljava/lang/String;Ljava/lang/String;)Ljava/lang/String; @ 19 c2
Event: 4.813 Thread 0x000001b4122111c0 DEOPT PACKING pc=0x000001b407aedc10 sp=0x00000032037facf0
Event: 4.813 Thread 0x000001b4122111c0 DEOPT UNPACKING pc=0x000001b4000523a3 sp=0x00000032037faca8 mode 2
Event: 4.914 Thread 0x000001b4122111c0 Uncommon trap: trap_request=0xffffff45 fr.pc=0x000001b407b14784 relative=0x00000000000000e4
Event: 4.914 Thread 0x000001b4122111c0 Uncommon trap: reason=unstable_if action=reinterpret pc=0x000001b407b14784 method=java.util.HashMap.hash(Ljava/lang/Object;)I @ 1 c2
Event: 4.914 Thread 0x000001b4122111c0 DEOPT PACKING pc=0x000001b407b14784 sp=0x00000032037fbd30
Event: 4.915 Thread 0x000001b4122111c0 DEOPT UNPACKING pc=0x000001b4000523a3 sp=0x00000032037fbc70 mode 2
Event: 5.072 Thread 0x000001b4122111c0 DEOPT PACKING pc=0x000001b4009870ea sp=0x00000032037f6680
Event: 5.072 Thread 0x000001b4122111c0 DEOPT UNPACKING pc=0x000001b400052b43 sp=0x00000032037f5b90 mode 0
Event: 5.097 Thread 0x000001b4122111c0 DEOPT PACKING pc=0x000001b4009870ea sp=0x00000032037f5750
Event: 5.097 Thread 0x000001b4122111c0 DEOPT UNPACKING pc=0x000001b400052b43 sp=0x00000032037f4c60 mode 0
Event: 5.108 Thread 0x000001b4122111c0 DEOPT PACKING pc=0x000001b4009870c9 sp=0x00000032037fafe0
Event: 5.108 Thread 0x000001b4122111c0 DEOPT UNPACKING pc=0x000001b400052b43 sp=0x00000032037fa4f0 mode 0

Classes unloaded (0 events):
No events

Classes redefined (0 events):
No events

Internal exceptions (20 events):
Event: 4.114 Thread 0x000001b411ed4810 Exception <a 'java/lang/NoSuchMethodError'{0x00000000ef179898}: 'void java.lang.invoke.DirectMethodHandle$Holder.invokeSpecial(java.lang.Object, java.lang.Object, java.lang.Object)'> (0x00000000ef179898) 
thrown [t:\workspace\open\src\hotspot\share\interpreter\linkResolver.cpp, line 766]
Event: 4.270 Thread 0x000001b4122111c0 Exception <a 'java/lang/NoSuchMethodError'{0x00000000eebabb40}: 'long java.lang.invoke.DirectMethodHandle$Holder.invokeInterface(java.lang.Object, java.lang.Object)'> (0x00000000eebabb40) 
thrown [t:\workspace\open\src\hotspot\share\interpreter\linkResolver.cpp, line 766]
Event: 4.397 Thread 0x000001b4122111c0 Exception <a 'java/lang/NoSuchMethodError'{0x00000000ee613a10}: 'void java.lang.invoke.DirectMethodHandle$Holder.invokeStatic(java.lang.Object, java.lang.Object)'> (0x00000000ee613a10) 
thrown [t:\workspace\open\src\hotspot\share\interpreter\linkResolver.cpp, line 766]
Event: 4.481 Thread 0x000001b4122111c0 Exception <a 'java/lang/NoSuchMethodError'{0x00000000ee4531f8}: 'int java.lang.invoke.DirectMethodHandle$Holder.invokeVirtual(java.lang.Object, java.lang.Object, java.lang.Object)'> (0x00000000ee4531f8) 
thrown [t:\workspace\open\src\hotspot\share\interpreter\linkResolver.cpp, line 766]
Event: 4.533 Thread 0x000001b4122111c0 Exception <a 'java/lang/NoSuchMethodError'{0x00000000ee100e78}: 'java.lang.Object java.lang.invoke.DirectMethodHandle$Holder.newInvokeSpecial(java.lang.Object, java.lang.Object, java.lang.Object, java.lang.Object, java.lang.Object, java.lang.Object)'> (0x00000000ee100e78) 
thrown [t:\workspace\open\src\hotspot\share\interpreter\linkResolver.cpp, line 766]
Event: 4.596 Thread 0x000001b4122111c0 Exception <a 'java/lang/NoSuchMethodError'{0x00000000ede0e018}: 'void java.lang.invoke.DelegatingMethodHandle$Holder.reinvoke_L(java.lang.Object, java.lang.Object, java.lang.Object, java.lang.Object, java.lang.Object, java.lang.Object, java.lang.Object, java.lang.Object, java.lang.Object, java.lang.Object)'> (0x00000000ede0e018) 
thrown [t:\workspace\open\src\hotspot\share\interpreter\linkResolver.cpp, line 766]
Event: 4.596 Thread 0x000001b4122111c0 Exception <a 'java/lang/NoSuchMethodError'{0x00000000ede16488}: 'java.lang.Object java.lang.invoke.DirectMethodHandle$Holder.invokeSpecial(java.lang.Object, java.lang.Object, java.lang.Object, java.lang.Object, java.lang.Object, java.lang.Object, java.lang.Object, java.lang.Object, java.lang.Object, java.lang.Object)'> (0x00000000ede16488) 
thrown [t:\workspace\open\src\hotspot\share\interpreter\linkResolver.cpp, line 766]
Event: 4.596 Thread 0x000001b4122111c0 Exception <a 'java/lang/NoSuchMethodError'{0x00000000ede1ad58}: 'java.lang.Object java.lang.invoke.Invokers$Holder.invoker(java.lang.Object, java.lang.Object, java.lang.Object, java.lang.Object, java.lang.Object, java.lang.Object, java.lang.Object, java.lang.Object, java.lang.Object, java.lang.Object)'> (0x00000000ede1ad58) 
thrown [t:\workspace\open\src\hotspot\share\interpreter\linkResolver.cpp, line 766]
Event: 4.597 Thread 0x000001b4122111c0 Exception <a 'java/lang/NoSuchMethodError'{0x00000000ede20960}: 'java.lang.Object java.lang.invoke.DirectMethodHandle$Holder.invokeSpecial(java.lang.Object, java.lang.Object, java.lang.Object, java.lang.Object, java.lang.Object, java.lang.Object, java.lang.Object, java.lang.Object, java.lang.Object, java.lang.Object, java.lang.Object)'> (0x00000000ede20960) 
thrown [t:\workspace\open\src\hotspot\share\interpreter\linkResolver.cpp, line 766]
Event: 4.705 Thread 0x000001b4122111c0 Exception <a 'java/lang/NoSuchMethodError'{0x00000000ed660420}: 'java.lang.Object java.lang.invoke.DirectMethodHandle$Holder.newInvokeSpecial(java.lang.Object, java.lang.Object, int)'> (0x00000000ed660420) 
thrown [t:\workspace\open\src\hotspot\share\interpreter\linkResolver.cpp, line 766]
Event: 4.831 Thread 0x000001b4122111c0 Exception <a 'java/lang/NoSuchMethodError'{0x00000000ed198c18}: 'void java.lang.invoke.DirectMethodHandle$Holder.invokeStatic(java.lang.Object, java.lang.Object, java.lang.Object, java.lang.Object)'> (0x00000000ed198c18) 
thrown [t:\workspace\open\src\hotspot\share\interpreter\linkResolver.cpp, line 766]
Event: 4.831 Thread 0x000001b4122111c0 Exception <a 'java/lang/NoSuchMethodError'{0x00000000ed19d0b8}: 'void java.lang.invoke.DirectMethodHandle$Holder.invokeStaticInit(java.lang.Object, java.lang.Object, java.lang.Object, java.lang.Object)'> (0x00000000ed19d0b8) 
thrown [t:\workspace\open\src\hotspot\share\interpreter\linkResolver.cpp, line 766]
Event: 4.846 Thread 0x000001b4122111c0 Exception <a 'java/lang/NoSuchMethodError'{0x00000000ed1fc260}: 'java.lang.Object java.lang.invoke.DirectMethodHandle$Holder.invokeInterface(java.lang.Object, java.lang.Object, java.lang.Object)'> (0x00000000ed1fc260) 
thrown [t:\workspace\open\src\hotspot\share\interpreter\linkResolver.cpp, line 766]
Event: 4.877 Thread 0x000001b4122111c0 Exception <a 'java/lang/NoSuchMethodError'{0x00000000ed0e5e58}: 'int java.lang.invoke.DirectMethodHandle$Holder.invokeSpecialIFC(java.lang.Object, java.lang.Object, java.lang.Object, java.lang.Object)'> (0x00000000ed0e5e58) 
thrown [t:\workspace\open\src\hotspot\share\interpreter\linkResolver.cpp, line 766]
Event: 4.883 Thread 0x000001b4122111c0 Exception <a 'java/lang/IncompatibleClassChangeError'{0x00000000ed0f4c70}: Found class java.lang.Object, but interface was expected> (0x00000000ed0f4c70) 
thrown [t:\workspace\open\src\hotspot\share\interpreter\linkResolver.cpp, line 833]
Event: 4.914 Thread 0x000001b4122111c0 Implicit null exception at 0x000001b407b146e0 to 0x000001b407b1477a
Event: 4.936 Thread 0x000001b4122111c0 Exception <a 'java/lang/NoSuchMethodError'{0x00000000ecd01300}: 'int java.lang.invoke.DirectMethodHandle$Holder.invokeStatic(java.lang.Object, java.lang.Object, java.lang.Object, java.lang.Object)'> (0x00000000ecd01300) 
thrown [t:\workspace\open\src\hotspot\share\interpreter\linkResolver.cpp, line 766]
Event: 4.937 Thread 0x000001b4122111c0 Exception <a 'java/lang/NoSuchMethodError'{0x00000000ecd051d0}: 'java.lang.Object java.lang.invoke.Invokers$Holder.invokeExact_MT(java.lang.Object, java.lang.Object, java.lang.Object, java.lang.Object, java.lang.Object, java.lang.Object)'> (0x00000000ecd051d0) 
thrown [t:\workspace\open\src\hotspot\share\interpreter\linkResolver.cpp, line 766]
Event: 5.004 Thread 0x000001b4122111c0 Exception <a 'java/lang/IncompatibleClassChangeError'{0x00000000ecae3f80}: Found class java.lang.Object, but interface was expected> (0x00000000ecae3f80) 
thrown [t:\workspace\open\src\hotspot\share\interpreter\linkResolver.cpp, line 833]
Event: 5.673 Thread 0x000001b4122111c0 Exception <a 'java/lang/NoSuchMethodError'{0x00000000eb5bb2f0}: 'int java.lang.invoke.DirectMethodHandle$Holder.invokeStaticInit(java.lang.Object, java.lang.Object, java.lang.Object)'> (0x00000000eb5bb2f0) 
thrown [t:\workspace\open\src\hotspot\share\interpreter\linkResolver.cpp, line 766]

VM Operations (20 events):
Event: 2.517 Executing VM operation: HandshakeAllThreads
Event: 2.517 Executing VM operation: HandshakeAllThreads done
Event: 2.547 Executing VM operation: HandshakeAllThreads
Event: 2.547 Executing VM operation: HandshakeAllThreads done
Event: 2.563 Executing VM operation: HandshakeAllThreads
Event: 2.563 Executing VM operation: HandshakeAllThreads done
Event: 2.657 Executing VM operation: HandshakeAllThreads
Event: 2.657 Executing VM operation: HandshakeAllThreads done
Event: 3.647 Executing VM operation: HandshakeAllThreads
Event: 3.648 Executing VM operation: HandshakeAllThreads done
Event: 3.648 Executing VM operation: Cleanup
Event: 3.648 Executing VM operation: Cleanup done
Event: 4.660 Executing VM operation: Cleanup
Event: 4.661 Executing VM operation: Cleanup done
Event: 4.992 Executing VM operation: HandshakeAllThreads
Event: 4.992 Executing VM operation: HandshakeAllThreads done
Event: 4.993 Executing VM operation: HandshakeAllThreads
Event: 4.993 Executing VM operation: HandshakeAllThreads done
Event: 6.003 Executing VM operation: Cleanup
Event: 6.004 Executing VM operation: Cleanup done

Events (20 events):
Event: 5.020 loading class java/util/Collections$2 done
Event: 5.045 Thread 0x000001b4123c38b0 Thread added: 0x000001b4123c38b0
Event: 5.102 loading class java/util/function/LongFunction
Event: 5.102 loading class java/util/function/LongFunction done
Event: 5.187 loading class java/security/InvalidKeyException
Event: 5.188 loading class java/security/KeyException
Event: 5.189 loading class java/security/KeyException done
Event: 5.189 loading class java/security/InvalidKeyException done
Event: 5.537 loading class java/io/ObjectOutputStream
Event: 5.540 loading class java/io/ObjectOutput
Event: 5.541 loading class java/io/ObjectOutput done
Event: 5.541 loading class java/io/ObjectStreamConstants
Event: 5.542 loading class java/io/ObjectStreamConstants done
Event: 5.542 loading class java/io/ObjectOutputStream done
Event: 5.545 loading class java/io/ObjectInputStream
Event: 5.548 loading class java/io/ObjectInput
Event: 5.549 loading class java/io/ObjectInput done
Event: 5.549 loading class java/io/ObjectInputStream done
Event: 5.652 Thread 0x000001b4123c38b0 Thread exited: 0x000001b4123c38b0
Event: 6.016 Thread 0x000001b41459ff20 Thread added: 0x000001b41459ff20


Dynamic libraries:
0x00007ff7b7010000 - 0x00007ff7b701e000 	C:\jdk-17.0.2\bin\java.exe
0x00007ff928d30000 - 0x00007ff928f28000 	C:\Windows\SYSTEM32\ntdll.dll
0x00007ff928ab0000 - 0x00007ff928b72000 	C:\Windows\System32\KERNEL32.DLL
0x00007ff9269c0000 - 0x00007ff926cb6000 	C:\Windows\System32\KERNELBASE.dll
0x00007ff926670000 - 0x00007ff926770000 	C:\Windows\System32\ucrtbase.dll
0x00007ff915160000 - 0x00007ff915178000 	C:\jdk-17.0.2\bin\jli.dll
0x00007ff915140000 - 0x00007ff91515a000 	C:\jdk-17.0.2\bin\VCRUNTIME140.dll
0x00007ff926db0000 - 0x00007ff926f51000 	C:\Windows\System32\USER32.dll
0x00007ff926770000 - 0x00007ff926792000 	C:\Windows\System32\win32u.dll
0x00007ff927040000 - 0x00007ff92706b000 	C:\Windows\System32\GDI32.dll
0x00007ff9268a0000 - 0x00007ff9269b9000 	C:\Windows\System32\gdi32full.dll
0x00007ff917ee0000 - 0x00007ff91817b000 	C:\Windows\WinSxS\amd64_microsoft.windows.common-controls_6595b64144ccf1df_6.0.19041.6456_none_60b8a6cb71f64256\COMCTL32.dll
0x00007ff9263c0000 - 0x00007ff92645d000 	C:\Windows\System32\msvcp_win.dll
0x00007ff927070000 - 0x00007ff92710e000 	C:\Windows\System32\msvcrt.dll
0x00007ff926f60000 - 0x00007ff926f8f000 	C:\Windows\System32\IMM32.DLL
0x00007ff91fbe0000 - 0x00007ff91fbec000 	C:\jdk-17.0.2\bin\vcruntime140_1.dll
0x00007ff8dae20000 - 0x00007ff8daead000 	C:\jdk-17.0.2\bin\msvcp140.dll
0x00007ff87b190000 - 0x00007ff87bd51000 	C:\jdk-17.0.2\bin\server\jvm.dll
0x00007ff927e00000 - 0x00007ff927eb1000 	C:\Windows\System32\ADVAPI32.dll
0x00007ff927c40000 - 0x00007ff927cdf000 	C:\Windows\System32\sechost.dll
0x00007ff927ce0000 - 0x00007ff927e00000 	C:\Windows\System32\RPCRT4.dll
0x00007ff926460000 - 0x00007ff926487000 	C:\Windows\System32\bcrypt.dll
0x00007ff926f90000 - 0x00007ff926f98000 	C:\Windows\System32\PSAPI.DLL
0x00007ff917d30000 - 0x00007ff917d39000 	C:\Windows\SYSTEM32\WSOCK32.dll
0x00007ff927270000 - 0x00007ff9272db000 	C:\Windows\System32\WS2_32.dll
0x00007ff91ba60000 - 0x00007ff91ba87000 	C:\Windows\SYSTEM32\WINMM.dll
0x00007ff921bc0000 - 0x00007ff921bca000 	C:\Windows\SYSTEM32\VERSION.dll
0x00007ff924150000 - 0x00007ff924162000 	C:\Windows\SYSTEM32\kernel.appcore.dll
0x00007ff91f4e0000 - 0x00007ff91f4ea000 	C:\jdk-17.0.2\bin\jimage.dll
0x00007ff91b060000 - 0x00007ff91b261000 	C:\Windows\SYSTEM32\DBGHELP.DLL
0x00007ff915090000 - 0x00007ff9150c4000 	C:\Windows\SYSTEM32\dbgcore.DLL
0x00007ff926cc0000 - 0x00007ff926d42000 	C:\Windows\System32\bcryptPrimitives.dll
0x00007ff914a60000 - 0x00007ff914a6e000 	C:\jdk-17.0.2\bin\instrument.dll
0x00007ff9016f0000 - 0x00007ff901715000 	C:\jdk-17.0.2\bin\java.dll
0x00007ff8b9ad0000 - 0x00007ff8b9ba6000 	C:\jdk-17.0.2\bin\jsvml.dll
0x00007ff928340000 - 0x00007ff928ab0000 	C:\Windows\System32\SHELL32.dll
0x00007ff924430000 - 0x00007ff924bd5000 	C:\Windows\SYSTEM32\windows.storage.dll
0x00007ff927fe0000 - 0x00007ff928334000 	C:\Windows\System32\combase.dll
0x00007ff925d10000 - 0x00007ff925d3b000 	C:\Windows\SYSTEM32\Wldp.dll
0x00007ff928ba0000 - 0x00007ff928c6d000 	C:\Windows\System32\OLEAUT32.dll
0x00007ff9271c0000 - 0x00007ff92726d000 	C:\Windows\System32\SHCORE.dll
0x00007ff927a50000 - 0x00007ff927aab000 	C:\Windows\System32\shlwapi.dll
0x00007ff9262f0000 - 0x00007ff926314000 	C:\Windows\SYSTEM32\profapi.dll
0x00007ff9016d0000 - 0x00007ff9016e8000 	C:\jdk-17.0.2\bin\zip.dll
0x00007ff901620000 - 0x00007ff901639000 	C:\jdk-17.0.2\bin\net.dll
0x00007ff921ed0000 - 0x00007ff921fda000 	C:\Windows\SYSTEM32\WINHTTP.dll
0x00007ff925a70000 - 0x00007ff925ada000 	C:\Windows\system32\mswsock.dll
0x00007ff901600000 - 0x00007ff901616000 	C:\jdk-17.0.2\bin\nio.dll
0x00007ff921cb0000 - 0x00007ff921cc0000 	C:\jdk-17.0.2\bin\verify.dll
0x00007ff90cff0000 - 0x00007ff90d017000 	C:\Users\tjals\.gradle\native\1def1411415f61bf3af743bc5b6707747c0891f09f0c88961ee8f79bc544acac\windows-amd64\native-platform.dll
0x00007ff8f86a0000 - 0x00007ff8f8718000 	C:\Users\tjals\.gradle\native\0.2.7\x86_64-windows-gnu\gradle-fileevents.dll
0x00007ff9130f0000 - 0x00007ff9130f9000 	C:\jdk-17.0.2\bin\management.dll
0x00007ff912de0000 - 0x00007ff912deb000 	C:\jdk-17.0.2\bin\management_ext.dll
0x00007ff925750000 - 0x00007ff92578b000 	C:\Windows\SYSTEM32\IPHLPAPI.DLL
0x00007ff9272e0000 - 0x00007ff9272e8000 	C:\Windows\System32\NSI.dll
0x00007ff91e330000 - 0x00007ff91e347000 	C:\Windows\SYSTEM32\dhcpcsvc6.DLL
0x00007ff91edd0000 - 0x00007ff91eded000 	C:\Windows\SYSTEM32\dhcpcsvc.DLL
0x00007ff925790000 - 0x00007ff92585a000 	C:\Windows\SYSTEM32\DNSAPI.dll
0x00007ff925c70000 - 0x00007ff925c88000 	C:\Windows\SYSTEM32\CRYPTSP.dll
0x00007ff925390000 - 0x00007ff9253c8000 	C:\Windows\system32\rsaenh.dll
0x00007ff926270000 - 0x00007ff92629e000 	C:\Windows\SYSTEM32\USERENV.dll
0x00007ff925c60000 - 0x00007ff925c6c000 	C:\Windows\SYSTEM32\CRYPTBASE.dll
0x00007ff90cfe0000 - 0x00007ff90cfee000 	C:\jdk-17.0.2\bin\sunmscapi.dll
0x00007ff926490000 - 0x00007ff9265ed000 	C:\Windows\System32\CRYPT32.dll
0x00007ff925d80000 - 0x00007ff925da7000 	C:\Windows\SYSTEM32\ncrypt.dll
0x00007ff925d40000 - 0x00007ff925d7b000 	C:\Windows\SYSTEM32\NTASN1.dll
0x00007ff918960000 - 0x00007ff918967000 	C:\Windows\system32\wshunix.dll

dbghelp: loaded successfully - version: 4.0.5 - missing functions: none
symbol engine: initialized successfully - sym options: 0x614 - pdb path: .;C:\jdk-17.0.2\bin;C:\Windows\SYSTEM32;C:\Windows\WinSxS\amd64_microsoft.windows.common-controls_6595b64144ccf1df_6.0.19041.6456_none_60b8a6cb71f64256;C:\jdk-17.0.2\bin\server;C:\Users\tjals\.gradle\native\1def1411415f61bf3af743bc5b6707747c0891f09f0c88961ee8f79bc544acac\windows-amd64;C:\Users\tjals\.gradle\native\0.2.7\x86_64-windows-gnu

VM Arguments:
jvm_args: --add-opens=java.base/java.lang=ALL-UNNAMED --add-opens=java.base/java.lang.invoke=ALL-UNNAMED --add-opens=java.base/java.util=ALL-UNNAMED --add-opens=java.prefs/java.util.prefs=ALL-UNNAMED --add-exports=jdk.compiler/com.sun.tools.javac.api=ALL-UNNAMED --add-exports=jdk.compiler/com.sun.tools.javac.util=ALL-UNNAMED --add-opens=java.base/java.util=ALL-UNNAMED --add-opens=java.prefs/java.util.prefs=ALL-UNNAMED --add-opens=java.base/java.nio.charset=ALL-UNNAMED --add-opens=java.base/java.net=ALL-UNNAMED --add-opens=java.base/java.util.concurrent.atomic=ALL-UNNAMED --add-opens=java.xml/javax.xml.namespace=ALL-UNNAMED -XX:MaxMetaspaceSize=384m -XX:+HeapDumpOnOutOfMemoryError -Xms256m -Xmx512m -Dfile.encoding=UTF-8 -Duser.country=KR -Duser.language=ko -Duser.variant -javaagent:C:\Users\tjals\.gradle\wrapper\dists\gradle-8.14.3-bin\cv11ve7ro1n3o1j4so8xd9n66\gradle-8.14.3\lib\agents\gradle-instrumentation-agent-8.14.3.jar 
java_command: org.gradle.launcher.daemon.bootstrap.GradleDaemon 8.14.3
java_class_path (initial): C:\Users\tjals\.gradle\wrapper\dists\gradle-8.14.3-bin\cv11ve7ro1n3o1j4so8xd9n66\gradle-8.14.3\lib\gradle-daemon-main-8.14.3.jar
Launcher Type: SUN_STANDARD

[Global flags]
     intx CICompilerCount                          = 4                                         {product} {ergonomic}
   size_t CompressedClassSpaceSize                 = 322961408                                 {product} {ergonomic}
     uint ConcGCThreads                            = 3                                         {product} {ergonomic}
     uint G1ConcRefinementThreads                  = 10                                        {product} {ergonomic}
   size_t G1HeapRegionSize                         = 1048576                                   {product} {ergonomic}
    uintx GCDrainStackTargetSize                   = 64                                        {product} {ergonomic}
     bool HeapDumpOnOutOfMemoryError               = true                                   {manageable} {command line}
   size_t InitialHeapSize                          = 268435456                                 {product} {command line}
   size_t MarkStackSize                            = 4194304                                   {product} {ergonomic}
   size_t MaxHeapSize                              = 536870912                                 {product} {command line}
   size_t MaxMetaspaceSize                         = 402653184                                 {product} {command line}
   size_t MaxNewSize                               = 321912832                                 {product} {ergonomic}
   size_t MinHeapDeltaBytes                        = 1048576                                   {product} {ergonomic}
   size_t MinHeapSize                              = 268435456                                 {product} {command line}
    uintx NonNMethodCodeHeapSize                   = 5839372                                {pd product} {ergonomic}
    uintx NonProfiledCodeHeapSize                  = 122909434                              {pd product} {ergonomic}
    uintx ProfiledCodeHeapSize                     = 122909434                              {pd product} {ergonomic}
    uintx ReservedCodeCacheSize                    = 251658240                              {pd product} {ergonomic}
     bool SegmentedCodeCache                       = true                                      {product} {ergonomic}
   size_t SoftMaxHeapSize                          = 536870912                              {manageable} {ergonomic}
     bool UseCompressedClassPointers               = true                           {product lp64_product} {ergonomic}
     bool UseCompressedOops                        = true                           {product lp64_product} {ergonomic}
     bool UseG1GC                                  = true                                      {product} {ergonomic}
     bool UseLargePagesIndividualAllocation        = false                                  {pd product} {ergonomic}

Logging:
Log output configuration:
 #0: stdout all=warning uptime,level,tags
 #1: stderr all=off uptime,level,tags

Environment Variables:
JAVA_HOME=C:\jdk-17.0.2
PATH=C:\Program Files\Common Files\Oracle\Java\javapath;C:\Windows\system32;C:\Windows;C:\Windows\System32\Wbem;C:\Windows\System32\WindowsPowerShell\v1.0\;C:\Windows\System32\OpenSSH\;C:\Program Files\Bandizip\;C:\Program Files (x86)\NVIDIA Corporation\PhysX\Common;C:\Program Files\NVIDIA Corporation\NVIDIA NvDLISR;C:\Program Files\dotnet\;C:\Program Files (x86)\Windows Kits\10\Windows Performance Toolkit\;C:\jdk-17.0.2\bin;C:\Program Files\Git\cmd;C:\Program Files\nodejs\;C:\Users\tjals\AppData\Local\Programs\Python\Launcher\;C:\Users\tjals\AppData\Local\Microsoft\WindowsApps;C:\Program Files (x86)\Brackets\;C:\Users\tjals\AppData\Local\Programs\cursor\resources\app\bin;C:\Users\tjals\AppData\Local\Programs\Microsoft VS Code\bin;C:\Users\tjals\AppData\Roaming\npm
USERNAME=tjals
OS=Windows_NT
PROCESSOR_IDENTIFIER=Intel64 Family 6 Model 158 Stepping 10, GenuineIntel



---------------  S Y S T E M  ---------------

OS:
 Windows 10 , 64 bit Build 19041 (10.0.19041.5915)
OS uptime: 0 days 12:03 hours

CPU: total 12 (initial active 12) (6 cores per cpu, 2 threads per core) family 6 model 158 stepping 10 microcode 0xb4, cx8, cmov, fxsr, ht, mmx, 3dnowpref, sse, sse2, sse3, ssse3, sse4.1, sse4.2, popcnt, lzcnt, tsc, tscinvbit, avx, avx2, aes, erms, clmul, bmi1, bmi2, adx, fma, vzeroupper, clflush, clflushopt

Memory: 4k page, system-wide physical 8031M (492M free)
TotalPageFile size 27811M (AvailPageFile size 2M)
current process WorkingSet (physical memory assigned to process): 214M, peak: 214M
current process commit charge ("private bytes"): 426M, peak: 428M

vm_info: OpenJDK 64-Bit Server VM (17.0.2+8-86) for windows-amd64 JRE (17.0.2+8-86), built on Dec  7 2021 21:49:10 by "mach5one" with MS VC++ 16.8 / 16.9 (VS2019)

END.
